[debug] [2022-07-03T00:09:40.814Z] ----------------------------------------------------------------------
[debug] [2022-07-03T00:09:40.815Z] Command:       C:\Program Files\nodejs\node.exe C:\Users\simsi\AppData\Roaming\npm\node_modules\firebase-tools\lib\bin\firebase.js init hosting
[debug] [2022-07-03T00:09:40.815Z] CLI Version:   11.2.0
[debug] [2022-07-03T00:09:40.815Z] Platform:      win32
[debug] [2022-07-03T00:09:40.815Z] Node Version:  v16.15.1
[debug] [2022-07-03T00:09:40.816Z] Time:          Sun Jul 03 2022 02:09:40 GMT+0200 (Mitteleuropäische Sommerzeit)
[debug] [2022-07-03T00:09:40.816Z] ----------------------------------------------------------------------
[debug] 
[debug] [2022-07-03T00:09:40.821Z] > command requires scopes: ["email","openid","https://www.googleapis.com/auth/cloudplatformprojects.readonly","https://www.googleapis.com/auth/firebase","https://www.googleapis.com/auth/cloud-platform"]
[debug] [2022-07-03T00:09:40.821Z] > authorizing via signed-in user (simsim300.sl@gmail.com)
[info] 
     ######## #### ########  ######## ########     ###     ######  ########
     ##        ##  ##     ## ##       ##     ##  ##   ##  ##       ##
     ######    ##  ########  ######   ########  #########  ######  ######
     ##        ##  ##    ##  ##       ##     ## ##     ##       ## ##
     ##       #### ##     ## ######## ########  ##     ##  ######  ########

You're about to initialize a Firebase project in this directory:

  D:\Website

[info] 
=== Project Setup
[info] 
[info] First, let's associate this project directory with a Firebase project.
[info] You can create multiple project aliases by running firebase use --add, 
[info] but for now we'll just set up a default project.
[info] 
[debug] [2022-07-03T00:09:42.773Z] >>> [apiv2][query] GET https://firebase.googleapis.com/v1beta1/projects pageSize=100
[debug] [2022-07-03T00:09:43.191Z] <<< [apiv2][status] GET https://firebase.googleapis.com/v1beta1/projects 200
[debug] [2022-07-03T00:09:43.192Z] <<< [apiv2][body] GET https://firebase.googleapis.com/v1beta1/projects [omitted]
[info] i  Using project simon-lindner (simon-lindner) 
[info] 
=== Hosting Setup
[info] 
[info] Your public directory is the folder (relative to your project directory) that
[info] will contain Hosting assets to be uploaded with firebase deploy. If you
[info] have a build process for your assets, use your build's output directory.
[info] 
[debug] [2022-07-03T00:10:28.740Z] ----------------------------------------------------------------------
[debug] [2022-07-03T00:10:28.742Z] Command:       C:\Program Files\nodejs\node.exe C:\Users\simsi\AppData\Roaming\npm\node_modules\firebase-tools\lib\bin\firebase.js init hosting
[debug] [2022-07-03T00:10:28.742Z] CLI Version:   11.2.0
[debug] [2022-07-03T00:10:28.742Z] Platform:      win32
[debug] [2022-07-03T00:10:28.742Z] Node Version:  v16.15.1
[debug] [2022-07-03T00:10:28.743Z] Time:          Sun Jul 03 2022 02:10:28 GMT+0200 (Mitteleuropäische Sommerzeit)
[debug] [2022-07-03T00:10:28.743Z] ----------------------------------------------------------------------
[debug] 
[debug] [2022-07-03T00:10:28.748Z] > command requires scopes: ["email","openid","https://www.googleapis.com/auth/cloudplatformprojects.readonly","https://www.googleapis.com/auth/firebase","https://www.googleapis.com/auth/cloud-platform"]
[debug] [2022-07-03T00:10:28.748Z] > authorizing via signed-in user (simsim300.sl@gmail.com)
[info] 
     ######## #### ########  ######## ########     ###     ######  ########
     ##        ##  ##     ## ##       ##     ##  ##   ##  ##       ##
     ######    ##  ########  ######   ########  #########  ######  ######
     ##        ##  ##    ##  ##       ##     ## ##     ##       ## ##
     ##       #### ##     ## ######## ########  ##     ##  ######  ########

You're about to initialize a Firebase project in this directory:

  D:\Website

[info] 
=== Project Setup
[info] 
[info] First, let's associate this project directory with a Firebase project.
[info] You can create multiple project aliases by running firebase use --add, 
[info] but for now we'll just set up a default project.
[info] 
[debug] [2022-07-03T00:10:30.574Z] >>> [apiv2][query] GET https://firebase.googleapis.com/v1beta1/projects pageSize=100
[debug] [2022-07-03T00:10:31.011Z] <<< [apiv2][status] GET https://firebase.googleapis.com/v1beta1/projects 200
[debug] [2022-07-03T00:10:31.011Z] <<< [apiv2][body] GET https://firebase.googleapis.com/v1beta1/projects [omitted]
[info] i  Using project simon-lindner (simon-lindner) 
[info] 
=== Hosting Setup
[info] 
[info] Your public directory is the folder (relative to your project directory) that
[info] will contain Hosting assets to be uploaded with firebase deploy. If you
[info] have a build process for your assets, use your build's output directory.
[info] 
[info] +  Wrote Website/404.html 
[debug] [2022-07-03T00:10:56.010Z] >>> [apiv2][query] GET https://www.gstatic.com/firebasejs/releases.json [none]
[debug] [2022-07-03T00:10:56.121Z] <<< [apiv2][status] GET https://www.gstatic.com/firebasejs/releases.json 200
[debug] [2022-07-03T00:10:56.121Z] <<< [apiv2][body] GET https://www.gstatic.com/firebasejs/releases.json {"current":{"version":"9.8.4","browserURL":"https://www.gstatic.com/firebasejs/9.8.4/firebase.js","packageURL":"https://www.gstatic.com/firebasejs/9.8.4/firebase.tgz"},"live":{"version":"9.8","browserURL":"https://www.gstatic.com/firebasejs/live/9.8/firebase.js","packageURL":"https://www.gstatic.com/firebasejs/live/9.8/firebase.tgz"},"components":{"analytics":"https://www.gstatic.com/firebasejs/9.8.4/firebase-analytics.js","app":"https://www.gstatic.com/firebasejs/9.8.4/firebase-app.js","app-check":"https://www.gstatic.com/firebasejs/9.8.4/firebase-app-check.js","auth":"https://www.gstatic.com/firebasejs/9.8.4/firebase-auth.js","auth/cordova":"https://www.gstatic.com/firebasejs/9.8.4/firebase-auth/cordova.js","auth/react-native":"https://www.gstatic.com/firebasejs/9.8.4/firebase-auth/react-native.js","functions":"https://www.gstatic.com/firebasejs/9.8.4/firebase-functions.js","firestore":"https://www.gstatic.com/firebasejs/9.8.4/firebase-firestore.js","firestore/lite":"https://www.gstatic.com/firebasejs/9.8.4/firebase-firestore/lite.js","storage":"https://www.gstatic.com/firebasejs/9.8.4/firebase-storage.js","performance":"https://www.gstatic.com/firebasejs/9.8.4/firebase-performance.js","remote-config":"https://www.gstatic.com/firebasejs/9.8.4/firebase-remote-config.js","messaging":"https://www.gstatic.com/firebasejs/9.8.4/firebase-messaging.js","messaging/sw":"https://www.gstatic.com/firebasejs/9.8.4/firebase-messaging/sw.js","database":"https://www.gstatic.com/firebasejs/9.8.4/firebase-database.js","firestore.memory":"https://www.gstatic.com/firebasejs/9.8.4/firebase-firestore.memory.js"}}
[info] +  Wrote Website/index.html 
[info] 
[info] i  Didn't detect a .git folder. Assuming D:\Website is the project root. 
[info] i  Authorizing with GitHub to upload your service account to a GitHub repository's secrets store. 
[info] 
[info] Visit this URL on this device to log in:
[info] https://github.com/login/oauth/authorize?client_id=89cf50f02ac6aaed3484&state=661861417&redirect_uri=http%3A%2F%2Flocalhost%3A9005&scope=read%3Auser%20repo%20public_repo
[info] 
[info] Waiting for authentication...
[debug] [2022-07-03T00:11:02.481Z] >>> [apiv2][query] POST https://github.com/login/oauth/access_token [none]
[debug] [2022-07-03T00:11:02.481Z] >>> [apiv2][body] POST https://github.com/login/oauth/access_token [stream]
[debug] [2022-07-03T00:11:02.793Z] <<< [apiv2][status] POST https://github.com/login/oauth/access_token 200
[debug] [2022-07-03T00:11:02.793Z] <<< [apiv2][body] POST https://github.com/login/oauth/access_token {"access_token":"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","token_type":"bearer","scope":"read:user,repo"}
[debug] [2022-07-03T00:11:02.796Z] >>> [apiv2][query] GET https://api.github.com/user [none]
[debug] [2022-07-03T00:11:03.057Z] <<< [apiv2][status] GET https://api.github.com/user 200
[debug] [2022-07-03T00:11:03.057Z] <<< [apiv2][body] GET https://api.github.com/user {"login":"simonlindner","id":80697182,"node_id":"MDQ6VXNlcjgwNjk3MTgy","avatar_url":"https://avatars.githubusercontent.com/u/80697182?v=4","gravatar_id":"","url":"https://api.github.com/users/simonlindner","html_url":"https://github.com/simonlindner","followers_url":"https://api.github.com/users/simonlindner/followers","following_url":"https://api.github.com/users/simonlindner/following{/other_user}","gists_url":"https://api.github.com/users/simonlindner/gists{/gist_id}","starred_url":"https://api.github.com/users/simonlindner/starred{/owner}{/repo}","subscriptions_url":"https://api.github.com/users/simonlindner/subscriptions","organizations_url":"https://api.github.com/users/simonlindner/orgs","repos_url":"https://api.github.com/users/simonlindner/repos","events_url":"https://api.github.com/users/simonlindner/events{/privacy}","received_events_url":"https://api.github.com/users/simonlindner/received_events","type":"User","site_admin":false,"name":"Simon Lindner","company":null,"blog":"","location":null,"email":null,"hireable":null,"bio":null,"twitter_username":null,"public_repos":0,"public_gists":0,"followers":2,"following":3,"created_at":"2021-03-15T14:16:56Z","updated_at":"2022-07-02T16:46:15Z","private_gists":0,"total_private_repos":0,"owned_private_repos":0,"disk_usage":0,"collaborators":0,"two_factor_authentication":false,"plan":{"name":"free","space":976562499,"collaborators":0,"private_repos":10000}}
[info] 
[info] +  Success! Logged into GitHub as simonlindner 
[info] 
